[www.monopolygo.net/index.html]
[backblue.gif]
[fade.gif]
[index.html]
[www.monopolygo.net/bootstrap/4.1.3/css/bootstrap.min.css]
[www.monopolygo.net/releases/v5.3.1/css/all.css]
[www.monopolygo.net/ajax/libs/animate.css/3.5.2/animate.min.css]
[www.monopolygo.net/ajax/libs/select2/4.0.6-rc.0/css/select2.min.css]
[www.monopolygo.net/assets/css/styled450.css]
[www.monopolygo.net/assets/images/favicon.png]
[code.jquery.com/jquery-3.2.1.slim.min.js]
[maxcdn.bootstrapcdn.com/bootstrap/4.0.0/css/bootstrap.min.css]
[maxcdn.bootstrapcdn.com/bootstrap/4.0.0/js/bootstrap.min.js]
[monopolygo.net/steps.gif]
[www.monopolygo.net/assets/images/monopoly-go-promo-image.png]
[www.monopolygo.net/assets/video/video.mp4]
[www.monopolygo.net/assets/images/monopoly-go-.png]
[www.monopolygo.net/assets/images/money.png]
[www.monopolygo.net/assets/images/rolls.png]
[www.monopolygo.net/assets/images/money/1.png]
[www.monopolygo.net/assets/images/money/2.png]
[www.monopolygo.net/assets/images/money/3.png]
[www.monopolygo.net/assets/images/money/4.png]
[www.monopolygo.net/assets/images/money/5.png]
[www.monopolygo.net/assets/images/money/6.png]
[www.monopolygo.net/assets/images/rolls/1.png]
[www.monopolygo.net/assets/images/rolls/2.png]
[www.monopolygo.net/assets/images/rolls/3.png]
[www.monopolygo.net/assets/images/rolls/4.png]
[www.monopolygo.net/assets/images/rolls/5.png]
[www.monopolygo.net/assets/images/rolls/6.png]
[www.monopolygo.net/assets/images/ios.png]
[www.monopolygo.net/assets/images/android.png]
[www.monopolygo.net/jquery-3.3.1.min.js]
[www.monopolygo.net/ajax/libs/popper.js/1.14.3/umd/popper.min.js]
[www.monopolygo.net/bootstrap/4.1.3/js/bootstrap.min.js]
[www.monopolygo.net/ajax/libs/select2/4.0.6-rc.0/js/select2.min.js]
[www.monopolygo.net/index.html]
[ww25.mywebsiteurl.com/bwNWHdKtr.js]
[ww25.mywebsiteurl.com/social-share-image3c76.html]
[www.monopolygo.net/bootstrap/4.1.3/css/bootstrap.min.css]
[www.monopolygo.net/assets/js/main228e.js]
[www.monopolygo.net/releases/v5.3.1/webfonts/fa-brands-400.eot]
[www.monopolygo.net/releases/v5.3.1/webfonts/fa-brands-400-1.eot]
[www.monopolygo.net/releases/v5.3.1/webfonts/fa-brands-400.woff2]
[www.monopolygo.net/releases/v5.3.1/webfonts/fa-brands-400.woff]
[www.monopolygo.net/releases/v5.3.1/webfonts/fa-brands-400.ttf]
[www.monopolygo.net/releases/v5.3.1/webfonts/fa-brands-400.svg]
[www.monopolygo.net/releases/v5.3.1/webfonts/fa-regular-400.eot]
[www.monopolygo.net/releases/v5.3.1/webfonts/fa-regular-400-1.eot]
[www.monopolygo.net/releases/v5.3.1/webfonts/fa-regular-400.woff2]
[www.monopolygo.net/releases/v5.3.1/webfonts/fa-regular-400.woff]
[www.monopolygo.net/releases/v5.3.1/webfonts/fa-regular-400.ttf]
[www.monopolygo.net/releases/v5.3.1/webfonts/fa-regular-400.svg]
[www.monopolygo.net/releases/v5.3.1/webfonts/fa-solid-900.eot]
[www.monopolygo.net/releases/v5.3.1/webfonts/fa-solid-900-1.eot]
[www.monopolygo.net/releases/v5.3.1/webfonts/fa-solid-900.woff2]
[www.monopolygo.net/releases/v5.3.1/webfonts/fa-solid-900.woff]
[www.monopolygo.net/releases/v5.3.1/webfonts/fa-solid-900.ttf]
[www.monopolygo.net/releases/v5.3.1/css/all.css]
[www.monopolygo.net/ajax/libs/animate.css/3.5.2/animate.min.css]
[www.monopolygo.net/ajax/libs/select2/4.0.6-rc.0/css/select2.min.css]
[www.monopolygo.net/assets/images/bg-shop.png]
[www.monopolygo.net/assets/images/header-shop.jpg]
[www.monopolygo.net/releases/v5.3.1/webfonts/fa-solid-900.svg]
[www.monopolygo.net/assets/images/footer-shop.jpg]
[www.monopolygo.net/assets/css/styled450.css]
[maxcdn.bootstrapcdn.com/bootstrap/4.0.0/css/bootstrap.min.css]
[www.monopolygo.net/releases/v5.3.1/webfonts/fa-brands-400.svg]
[www.monopolygo.net/releases/v5.3.1/webfonts/fa-regular-400.svg]
[www.monopolygo.net/releases/v5.3.1/webfonts/fa-solid-900.svg]
[www.monopolygo.net/css2.html]
